<?xml version="1.0" encoding="UTF-8"?>
<!-- Generated by org.testng.reporters.JUnitReportReporter -->
<testsuite hostname="WELCOME" failures="0" tests="1" name="Amazon_TestCases.Login_TC" time="24.969" errors="0" timestamp="2024-07-07T13:25:59 IST" skipped="0">
  <testcase classname="Amazon_TestCases.Login_TC" name="login_amzn" time="24.969"/>
  <system-out/>
</testsuite> <!-- Amazon_TestCases.Login_TC -->
