<?xml version="1.0" encoding="UTF-8"?>
<!-- Generated by org.testng.reporters.JUnitReportReporter -->
<testsuite hostname="WELCOME" failures="0" tests="1" name="Amazon_TestCases.Address_selection_Proceedtobuy" time="42.204" errors="0" timestamp="2024-07-06T22:39:20 IST" skipped="0">
  <testcase classname="Amazon_TestCases.Address_selection_Proceedtobuy" name="Deliveryaddress" time="42.204"/>
  <system-out/>
</testsuite> <!-- Amazon_TestCases.Address_selection_Proceedtobuy -->
