<?xml version="1.0" encoding="UTF-8"?>
<!-- Generated by org.testng.reporters.JUnitReportReporter -->
<testsuite hostname="WELCOME" failures="0" tests="1" name="Amazon_TestCases.AddtoCart" time="35.759" errors="0" timestamp="2024-07-06T20:17:50 IST" skipped="0">
  <testcase classname="Amazon_TestCases.AddtoCart" name="cart" time="35.759"/>
  <system-out/>
</testsuite> <!-- Amazon_TestCases.AddtoCart -->
