<?xml version="1.0" encoding="UTF-8"?>
<!-- Generated by org.testng.reporters.JUnitReportReporter -->
<testsuite hostname="WELCOME" failures="0" tests="1" name="Amazon_TestCases.Amazon_firstprdct" time="23.656" errors="0" timestamp="2024-07-06T15:34:12 IST" skipped="0">
  <testcase classname="Amazon_TestCases.Amazon_firstprdct" name="amazonprdt" time="23.656"/>
  <system-out/>
</testsuite> <!-- Amazon_TestCases.Amazon_firstprdct -->
