<?xml version="1.0" encoding="UTF-8"?>
<!-- Generated by org.testng.reporters.JUnitReportReporter -->
<testsuite hostname="WELCOME" failures="0" tests="1" name="Amazon_TestCases.Amazon_addtowishlist_tc" time="51.566" errors="0" timestamp="2024-07-06T22:05:00 IST" skipped="0">
  <testcase classname="Amazon_TestCases.Amazon_addtowishlist_tc" name="add_wishlist" time="51.566"/>
  <system-out/>
</testsuite> <!-- Amazon_TestCases.Amazon_addtowishlist_tc -->
