<?xml version="1.0" encoding="UTF-8"?>
<!-- Generated by org.testng.reporters.JUnitReportReporter -->
<testsuite hostname="WELCOME" failures="0" tests="1" name="Maven_Package.Project_Maven.login_Tc" time="13.852" errors="0" timestamp="2024-07-02T23:05:08 IST" skipped="0">
  <testcase classname="Maven_Package.Project_Maven.login_Tc" name="testcaselogin" time="13.852"/>
  <system-out/>
</testsuite> <!-- Maven_Package.Project_Maven.login_Tc -->
